################################################################################
############################################# Cooperative Multi-Tasking Example 
################################## Begins ######################################
################################################################################

###########################|	 |   0 |   1 |   2 |   3 |   4 |   5 |   6 |   7 |
---------------------------|	 ------------------------------------------------
Job Number: <       1>(  8)|	 |  10 |  10 |  10 |  10 |  10 |  10 |  10 |  -1 |
State:      <   ready>(  7)|	 |  10 |   1 |   0 |   0 |   0 |   1 |  20 |
---------------------------|	 ------------------------------------------------
###########################|	 |   0 |   1 |   2 |
---------------------------|	 ------------------
Job Number: <       2>(  3)|	 |1000 |   1 |  -1 |
State:      <   ready>(  2)|	 |   1 |   0 |
---------------------------|	 ------------------
###########################|	 |   0 |   1 |   2 |   3 |
---------------------------|	 ------------------------
Job Number: <       3>(  4)|	 |   7 |   3 |   5 |  -1 |
State:      <   ready>(  3)|	 |   1 |   1 |   2 |
---------------------------|	 ------------------------



################################################################################
######################## Starting Scheduler Simulation! ########################
################################################################################

################################################################################
Cycles Before <    0>
###########################|	 |   0 |   1 |   2 |   3 |   4 |   5 |   6 |   7 |
---------------------------|	 ------------------------------------------------
Job Number: <       1>(  8)|	 |  10 |  10 |  10 |  10 |  10 |  10 |  10 |  -1 |
State:      < execute>(  7)|	 |  10 |   1 |   0 |   0 |   0 |   1 |  20 |
---------------------------|	 ------------------------------------------------
###########################|	 |   0 |   1 |   2 |
---------------------------|	 ------------------
Job Number: <       2>(  3)|	 |1000 |   1 |  -1 |
State:      <   ready>(  2)|	 |   1 |   0 |
---------------------------|	 ------------------
###########################|	 |   0 |   1 |   2 |   3 |
---------------------------|	 ------------------------
Job Number: <       3>(  4)|	 |   7 |   3 |   5 |  -1 |
State:      <   ready>(  3)|	 |   1 |   1 |   2 |
---------------------------|	 ------------------------
Cycles After <   10>

################################################################################
################################################################################
Cycles Before <   10>
###########################|	 |   0 |   1 |   2 |
---------------------------|	 ------------------
Job Number: <       2>(  3)|	 |1000 |   1 |  -1 |
State:      < execute>(  2)|	 |   1 |   0 |
---------------------------|	 ------------------
###########################|	 |   0 |   1 |   2 |   3 |
---------------------------|	 ------------------------
Job Number: <       3>(  4)|	 |   7 |   3 |   5 |  -1 |
State:      <   ready>(  3)|	 |   1 |   1 |   2 |
---------------------------|	 ------------------------
###########################|	 |   0 |   1 |   2 |   3 |   4 |   5 |   6 |
---------------------------|	 ------------------------------------------
Job Number: <       1>(  7)|	 |  10 |  10 |  10 |  10 |  10 |  10 |  -1 |
State:      <   ready>(  6)|	 |   1 |   0 |   0 |   0 |   1 |  20 |
---------------------------|	 ------------------------------------------
Cycles After < 1010>

################################################################################
################################################################################
Cycles Before < 1010>
###########################|	 |   0 |   1 |   2 |   3 |
---------------------------|	 ------------------------
Job Number: <       3>(  4)|	 |   7 |   3 |   5 |  -1 |
State:      < execute>(  3)|	 |   1 |   1 |   2 |
---------------------------|	 ------------------------
###########################|	 |   0 |   1 |   2 |   3 |   4 |   5 |   6 |
---------------------------|	 ------------------------------------------
Job Number: <       1>(  7)|	 |  10 |  10 |  10 |  10 |  10 |  10 |  -1 |
State:      <   ready>(  6)|	 |   1 |   0 |   0 |   0 |   1 |  20 |
---------------------------|	 ------------------------------------------
###########################|	 |   0 |   1 |
---------------------------|	 ------------
Job Number: <       2>(  2)|	 |   1 |  -1 |
State:      <   ready>(  1)|	 |   0 |
---------------------------|	 ------------
Cycles After < 1017>

################################################################################
################################################################################
Cycles Before < 1017>
###########################|	 |   0 |   1 |   2 |   3 |   4 |   5 |   6 |
---------------------------|	 ------------------------------------------
Job Number: <       1>(  7)|	 |  10 |  10 |  10 |  10 |  10 |  10 |  -1 |
State:      < execute>(  6)|	 |   1 |   0 |   0 |   0 |   1 |  20 |
---------------------------|	 ------------------------------------------
###########################|	 |   0 |   1 |
---------------------------|	 ------------
Job Number: <       2>(  2)|	 |   1 |  -1 |
State:      <   ready>(  1)|	 |   0 |
---------------------------|	 ------------
###########################|	 |   0 |   1 |   2 |
---------------------------|	 ------------------
Job Number: <       3>(  3)|	 |   3 |   5 |  -1 |
State:      <   ready>(  2)|	 |   1 |   2 |
---------------------------|	 ------------------
Cycles After < 1027>

################################################################################
################################################################################
Cycles Before < 1027>
###########################|	 |   0 |   1 |
---------------------------|	 ------------
Job Number: <       2>(  2)|	 |   1 |  -1 |
State:      < execute>(  1)|	 |   0 |
---------------------------|	 ------------
###########################|	 |   0 |   1 |   2 |
---------------------------|	 ------------------
Job Number: <       3>(  3)|	 |   3 |   5 |  -1 |
State:      <   ready>(  2)|	 |   1 |   2 |
---------------------------|	 ------------------
###########################|	 |   0 |   1 |   2 |   3 |   4 |   5 |
---------------------------|	 ------------------------------------
Job Number: <       1>(  6)|	 |  10 |  10 |  10 |  10 |  10 |  -1 |
State:      <   ready>(  5)|	 |   0 |   0 |   0 |   1 |  20 |
---------------------------|	 ------------------------------------
Cycles After < 1028>

################################################################################
################################################################################
Cycles Before < 1028>
###########################|	 |   0 |   1 |   2 |
---------------------------|	 ------------------
Job Number: <       3>(  3)|	 |   3 |   5 |  -1 |
State:      < execute>(  2)|	 |   1 |   2 |
---------------------------|	 ------------------
###########################|	 |   0 |   1 |   2 |   3 |   4 |   5 |
---------------------------|	 ------------------------------------
Job Number: <       1>(  6)|	 |  10 |  10 |  10 |  10 |  10 |  -1 |
State:      <   ready>(  5)|	 |   0 |   0 |   0 |   1 |  20 |
---------------------------|	 ------------------------------------
###########################|	 |   0 |
---------------------------|	 ------
Job Number: <       2>(  1)|	 |  -1 |
State:      <   ready>(  0)|	 |
---------------------------|	 ------
Cycles After < 1031>

################################################################################
################################################################################
Cycles Before < 1031>
###########################|	 |   0 |   1 |   2 |   3 |   4 |   5 |
---------------------------|	 ------------------------------------
Job Number: <       1>(  6)|	 |  10 |  10 |  10 |  10 |  10 |  -1 |
State:      < execute>(  5)|	 |   0 |   0 |   0 |   1 |  20 |
---------------------------|	 ------------------------------------
###########################|	 |   0 |
---------------------------|	 ------
Job Number: <       2>(  1)|	 |  -1 |
State:      <   ready>(  0)|	 |
---------------------------|	 ------
###########################|	 |   0 |   1 |
---------------------------|	 ------------
Job Number: <       3>(  2)|	 |   5 |  -1 |
State:      <   ready>(  1)|	 |   2 |
---------------------------|	 ------------
Cycles After < 1041>

################################################################################
################################################################################
Cycles Before < 1041>
###########################|	 |   0 |
---------------------------|	 ------
Job Number: <       2>(  1)|	 |  -1 |
State:      < execute>(  0)|	 |
---------------------------|	 ------
###########################|	 |   0 |   1 |
---------------------------|	 ------------
Job Number: <       3>(  2)|	 |   5 |  -1 |
State:      <   ready>(  1)|	 |   2 |
---------------------------|	 ------------
###########################|	 |   0 |   1 |   2 |   3 |   4 |
---------------------------|	 ------------------------------
Job Number: <       1>(  5)|	 |  10 |  10 |  10 |  10 |  -1 |
State:      <      io>(  5)|	 |   1 |   0 |   0 |   1 |  20 |
---------------------------|	 ------------------------------
Cycles After < 1040>

################################################################################
################################################################################
Cycles Before < 1040>
###########################|	 |   0 |   1 |
---------------------------|	 ------------
Job Number: <       3>(  2)|	 |   5 |  -1 |
State:      < execute>(  1)|	 |   2 |
---------------------------|	 ------------
###########################|	 |   0 |   1 |   2 |   3 |   4 |
---------------------------|	 ------------------------------
Job Number: <       1>(  5)|	 |  10 |  10 |  10 |  10 |  -1 |
State:      <   ready>(  4)|	 |   0 |   0 |   1 |  20 |
---------------------------|	 ------------------------------
###########################|	 |
---------------------------|	 
Job Number: <       2>(  0)|	 |
State:      <complete>( -1)|	 |
---------------------------|	 
Cycles After < 1045>

################################################################################
################################################################################
Cycles Before < 1045>
###########################|	 |   0 |   1 |   2 |   3 |   4 |
---------------------------|	 ------------------------------
Job Number: <       1>(  5)|	 |  10 |  10 |  10 |  10 |  -1 |
State:      < execute>(  4)|	 |   0 |   0 |   1 |  20 |
---------------------------|	 ------------------------------
###########################|	 |
---------------------------|	 
Job Number: <       2>(  0)|	 |
State:      <complete>( -1)|	 |
---------------------------|	 
###########################|	 |   0 |
---------------------------|	 ------
Job Number: <       3>(  1)|	 |  -1 |
State:      <   ready>(  0)|	 |
---------------------------|	 ------
Cycles After < 1055>

################################################################################
################################################################################
Cycles Before < 1055>
!!!JOB COMPLETED!!!
###########################|	 |
---------------------------|	 
Job Number: <       2>(  0)|	 |
State:      <complete>( -1)|	 |
---------------------------|	 
###########################|	 |   0 |
---------------------------|	 ------
Job Number: <       3>(  1)|	 |  -1 |
State:      < execute>(  0)|	 |
---------------------------|	 ------
###########################|	 |   0 |   1 |   2 |   3 |
---------------------------|	 ------------------------
Job Number: <       1>(  4)|	 |  10 |  10 |  10 |  -1 |
State:      <      io>(  4)|	 |   1 |   0 |   1 |  20 |
---------------------------|	 ------------------------
Cycles After < 1054>

################################################################################
################################################################################
Cycles Before < 1054>
###########################|	 |   0 |   1 |   2 |   3 |
---------------------------|	 ------------------------
Job Number: <       1>(  4)|	 |  10 |  10 |  10 |  -1 |
State:      <      io>(  4)|	 |   1 |   0 |   1 |  20 |
---------------------------|	 ------------------------
###########################|	 |
---------------------------|	 
Job Number: <       3>(  0)|	 |
State:      <complete>(  0)|	 |
---------------------------|	 
Cycles After < 1055>

################################################################################
################################################################################
Cycles Before < 1055>
!!!JOB COMPLETED!!!
###########################|	 |
---------------------------|	 
Job Number: <       3>(  0)|	 |
State:      <complete>(  0)|	 |
---------------------------|	 
###########################|	 |   0 |   1 |   2 |   3 |
---------------------------|	 ------------------------
Job Number: <       1>(  4)|	 |  10 |  10 |  10 |  -1 |
State:      < execute>(  3)|	 |   0 |   1 |  20 |
---------------------------|	 ------------------------
Cycles After < 1065>

################################################################################
################################################################################
Cycles Before < 1065>
###########################|	 |   0 |   1 |   2 |
---------------------------|	 ------------------
Job Number: <       1>(  3)|	 |  10 |  10 |  -1 |
State:      <      io>(  3)|	 |   0 |   1 |  20 |
---------------------------|	 ------------------
Cycles After < 1065>

################################################################################
################################################################################
Cycles Before < 1065>
###########################|	 |   0 |   1 |   2 |
---------------------------|	 ------------------
Job Number: <       1>(  3)|	 |  10 |  10 |  -1 |
State:      < execute>(  2)|	 |   1 |  20 |
---------------------------|	 ------------------
Cycles After < 1075>

################################################################################
################################################################################
Cycles Before < 1075>
###########################|	 |   0 |   1 |
---------------------------|	 ------------
Job Number: <       1>(  2)|	 |  10 |  -1 |
State:      <      io>(  2)|	 |   1 |  20 |
---------------------------|	 ------------
Cycles After < 1076>

################################################################################
################################################################################
Cycles Before < 1076>
###########################|	 |   0 |   1 |
---------------------------|	 ------------
Job Number: <       1>(  2)|	 |  10 |  -1 |
State:      < execute>(  1)|	 |  20 |
---------------------------|	 ------------
Cycles After < 1086>

################################################################################
################################################################################
Cycles Before < 1086>
###########################|	 |   0 |
---------------------------|	 ------
Job Number: <       1>(  1)|	 |  -1 |
State:      <      io>(  1)|	 |  20 |
---------------------------|	 ------
Cycles After < 1106>

################################################################################
################################################################################
Cycles Before < 1106>
###########################|	 |   0 |
---------------------------|	 ------
Job Number: <       1>(  1)|	 |  -1 |
State:      < execute>(  0)|	 |
---------------------------|	 ------
Cycles After < 1105>

################################################################################
################################################################################
Cycles Before < 1105>
!!!JOB COMPLETED!!!
###########################|	 |
---------------------------|	 
Job Number: <       1>(  0)|	 |
State:      <complete>(  0)|	 |
---------------------------|	 
The Queue is Empty!
Cycles After < 1105>

################################################################################
################################################################################
######################### Ending Scheduler Simulation! #########################
################################################################################

################################################################################
############################################# Cooperative Multi-Tasking Example 
################################## Ends ########################################
################################################################################

################################################################################
######################################## Pre-Emptive (50) Multi-Tasking Example 
################################## Begins ######################################
################################################################################

###########################|	 |   0 |   1 |   2 |   3 |   4 |   5 |   6 |   7 |
---------------------------|	 ------------------------------------------------
Job Number: <       1>(  8)|	 |  10 |  10 |  10 |  10 |  10 |  10 |  10 |  -1 |
State:      <   ready>(  7)|	 |  10 |   1 |   0 |   0 |   0 |   1 |  20 |
---------------------------|	 ------------------------------------------------
###########################|	 |   0 |   1 |   2 |
---------------------------|	 ------------------
Job Number: <       2>(  3)|	 |1000 |   1 |  -1 |
State:      <   ready>(  2)|	 |   1 |   0 |
---------------------------|	 ------------------
###########################|	 |   0 |   1 |   2 |   3 |
---------------------------|	 ------------------------
Job Number: <       3>(  4)|	 |   7 |   3 |   5 |  -1 |
State:      <   ready>(  3)|	 |   1 |   1 |   2 |
---------------------------|	 ------------------------



################################################################################
######################## Starting Scheduler Simulation! ########################
################################################################################

################################################################################
Cycles Before <    0>
###########################|	 |   0 |   1 |   2 |   3 |   4 |   5 |   6 |   7 |
---------------------------|	 ------------------------------------------------
Job Number: <       1>(  8)|	 |  10 |  10 |  10 |  10 |  10 |  10 |  10 |  -1 |
State:      < execute>(  7)|	 |  10 |   1 |   0 |   0 |   0 |   1 |  20 |
---------------------------|	 ------------------------------------------------
###########################|	 |   0 |   1 |   2 |
---------------------------|	 ------------------
Job Number: <       2>(  3)|	 |1000 |   1 |  -1 |
State:      <   ready>(  2)|	 |   1 |   0 |
---------------------------|	 ------------------
###########################|	 |   0 |   1 |   2 |   3 |
---------------------------|	 ------------------------
Job Number: <       3>(  4)|	 |   7 |   3 |   5 |  -1 |
State:      <   ready>(  3)|	 |   1 |   1 |   2 |
---------------------------|	 ------------------------
Cycles After <   10>

################################################################################
################################################################################
Cycles Before <   10>
###########################|	 |   0 |   1 |   2 |
---------------------------|	 ------------------
Job Number: <       2>(  3)|	 |1000 |   1 |  -1 |
State:      < execute>(  2)|	 |   1 |   0 |
---------------------------|	 ------------------
###########################|	 |   0 |   1 |   2 |   3 |
---------------------------|	 ------------------------
Job Number: <       3>(  4)|	 |   7 |   3 |   5 |  -1 |
State:      <   ready>(  3)|	 |   1 |   1 |   2 |
---------------------------|	 ------------------------
###########################|	 |   0 |   1 |   2 |   3 |   4 |   5 |   6 |
---------------------------|	 ------------------------------------------
Job Number: <       1>(  7)|	 |  10 |  10 |  10 |  10 |  10 |  10 |  -1 |
State:      <   ready>(  6)|	 |   1 |   0 |   0 |   0 |   1 |  20 |
---------------------------|	 ------------------------------------------
Cycles After < 1010>

################################################################################
################################################################################
Cycles Before < 1010>
###########################|	 |   0 |   1 |   2 |   3 |
---------------------------|	 ------------------------
Job Number: <       3>(  4)|	 |   7 |   3 |   5 |  -1 |
State:      < execute>(  3)|	 |   1 |   1 |   2 |
---------------------------|	 ------------------------
###########################|	 |   0 |   1 |   2 |   3 |   4 |   5 |   6 |
---------------------------|	 ------------------------------------------
Job Number: <       1>(  7)|	 |  10 |  10 |  10 |  10 |  10 |  10 |  -1 |
State:      <   ready>(  6)|	 |   1 |   0 |   0 |   0 |   1 |  20 |
---------------------------|	 ------------------------------------------
###########################|	 |   0 |   1 |   2 |
---------------------------|	 ------------------
Job Number: <       2>(  3)|	 | 950 |   1 |  -1 |
State:      < execute>(  2)|	 |   1 |   0 |
---------------------------|	 ------------------
Cycles After < 1017>

################################################################################
################################################################################
Cycles Before < 1017>
###########################|	 |   0 |   1 |   2 |   3 |   4 |   5 |   6 |
---------------------------|	 ------------------------------------------
Job Number: <       1>(  7)|	 |  10 |  10 |  10 |  10 |  10 |  10 |  -1 |
State:      < execute>(  6)|	 |   1 |   0 |   0 |   0 |   1 |  20 |
---------------------------|	 ------------------------------------------
###########################|	 |   0 |   1 |   2 |
---------------------------|	 ------------------
Job Number: <       2>(  3)|	 | 950 |   1 |  -1 |
State:      < execute>(  2)|	 |   1 |   0 |
---------------------------|	 ------------------
###########################|	 |   0 |   1 |   2 |
---------------------------|	 ------------------
Job Number: <       3>(  3)|	 |   3 |   5 |  -1 |
State:      <   ready>(  2)|	 |   1 |   2 |
---------------------------|	 ------------------
Cycles After < 1027>

################################################################################
################################################################################
Cycles Before < 1027>
###########################|	 |   0 |   1 |   2 |
---------------------------|	 ------------------
Job Number: <       3>(  3)|	 |   3 |   5 |  -1 |
State:      < execute>(  2)|	 |   1 |   2 |
---------------------------|	 ------------------
###########################|	 |   0 |   1 |   2 |   3 |   4 |   5 |
---------------------------|	 ------------------------------------
Job Number: <       1>(  6)|	 |  10 |  10 |  10 |  10 |  10 |  -1 |
State:      <   ready>(  5)|	 |   0 |   0 |   0 |   1 |  20 |
---------------------------|	 ------------------------------------
###########################|	 |   0 |   1 |   2 |
---------------------------|	 ------------------
Job Number: <       2>(  3)|	 | 950 |   1 |  -1 |
State:      < execute>(  2)|	 |   1 |   0 |
---------------------------|	 ------------------
Cycles After < 1030>

################################################################################
################################################################################
Cycles Before < 1030>
###########################|	 |   0 |   1 |   2 |   3 |   4 |   5 |
---------------------------|	 ------------------------------------
Job Number: <       1>(  6)|	 |  10 |  10 |  10 |  10 |  10 |  -1 |
State:      < execute>(  5)|	 |   0 |   0 |   0 |   1 |  20 |
---------------------------|	 ------------------------------------
###########################|	 |   0 |   1 |   2 |
---------------------------|	 ------------------
Job Number: <       2>(  3)|	 | 950 |   1 |  -1 |
State:      < execute>(  2)|	 |   1 |   0 |
---------------------------|	 ------------------
###########################|	 |   0 |   1 |
---------------------------|	 ------------
Job Number: <       3>(  2)|	 |   5 |  -1 |
State:      <   ready>(  1)|	 |   2 |
---------------------------|	 ------------
Cycles After < 1040>

################################################################################
################################################################################
Cycles Before < 1040>
###########################|	 |   0 |   1 |
---------------------------|	 ------------
Job Number: <       3>(  2)|	 |   5 |  -1 |
State:      < execute>(  1)|	 |   2 |
---------------------------|	 ------------
###########################|	 |   0 |   1 |   2 |   3 |   4 |
---------------------------|	 ------------------------------
Job Number: <       1>(  5)|	 |  10 |  10 |  10 |  10 |  -1 |
State:      <   ready>(  4)|	 |   0 |   0 |   1 |  20 |
---------------------------|	 ------------------------------
###########################|	 |   0 |   1 |   2 |
---------------------------|	 ------------------
Job Number: <       2>(  3)|	 | 950 |   1 |  -1 |
State:      < execute>(  2)|	 |   1 |   0 |
---------------------------|	 ------------------
Cycles After < 1045>

################################################################################
################################################################################
Cycles Before < 1045>
###########################|	 |   0 |   1 |   2 |   3 |   4 |
---------------------------|	 ------------------------------
Job Number: <       1>(  5)|	 |  10 |  10 |  10 |  10 |  -1 |
State:      < execute>(  4)|	 |   0 |   0 |   1 |  20 |
---------------------------|	 ------------------------------
###########################|	 |   0 |   1 |   2 |
---------------------------|	 ------------------
Job Number: <       2>(  3)|	 | 950 |   1 |  -1 |
State:      < execute>(  2)|	 |   1 |   0 |
---------------------------|	 ------------------
###########################|	 |   0 |
---------------------------|	 ------
Job Number: <       3>(  1)|	 |  -1 |
State:      <   ready>(  0)|	 |
---------------------------|	 ------
Cycles After < 1055>

################################################################################
################################################################################
Cycles Before < 1055>
###########################|	 |   0 |
---------------------------|	 ------
Job Number: <       3>(  1)|	 |  -1 |
State:      < execute>(  0)|	 |
---------------------------|	 ------
###########################|	 |   0 |   1 |   2 |   3 |
---------------------------|	 ------------------------
Job Number: <       1>(  4)|	 |  10 |  10 |  10 |  -1 |
State:      <      io>(  4)|	 |   1 |   0 |   1 |  20 |
---------------------------|	 ------------------------
###########################|	 |   0 |   1 |   2 |
---------------------------|	 ------------------
Job Number: <       2>(  3)|	 | 950 |   1 |  -1 |
State:      < execute>(  2)|	 |   1 |   0 |
---------------------------|	 ------------------
Cycles After < 1054>

################################################################################
################################################################################
Cycles Before < 1054>
###########################|	 |   0 |   1 |   2 |   3 |
---------------------------|	 ------------------------
Job Number: <       1>(  4)|	 |  10 |  10 |  10 |  -1 |
State:      <      io>(  4)|	 |   1 |   0 |   1 |  20 |
---------------------------|	 ------------------------
###########################|	 |   0 |   1 |   2 |
---------------------------|	 ------------------
Job Number: <       2>(  3)|	 | 950 |   1 |  -1 |
State:      < execute>(  2)|	 |   1 |   0 |
---------------------------|	 ------------------
###########################|	 |
---------------------------|	 
Job Number: <       3>(  0)|	 |
State:      <complete>(  0)|	 |
---------------------------|	 
Cycles After < 1055>

################################################################################
################################################################################
Cycles Before < 1055>
###########################|	 |   0 |   1 |   2 |   3 |
---------------------------|	 ------------------------
Job Number: <       1>(  4)|	 |  10 |  10 |  10 |  -1 |
State:      < execute>(  3)|	 |   0 |   1 |  20 |
---------------------------|	 ------------------------
###########################|	 |   0 |   1 |   2 |
---------------------------|	 ------------------
Job Number: <       2>(  3)|	 | 950 |   1 |  -1 |
State:      < execute>(  2)|	 |   1 |   0 |
---------------------------|	 ------------------
###########################|	 |
---------------------------|	 
Job Number: <       3>(  0)|	 |
State:      <complete>(  0)|	 |
---------------------------|	 
Cycles After < 1065>

################################################################################
################################################################################
Cycles Before < 1065>
###########################|	 |   0 |   1 |   2 |
---------------------------|	 ------------------
Job Number: <       2>(  3)|	 | 950 |   1 |  -1 |
State:      <      io>(  2)|	 |   1 |   0 |
---------------------------|	 ------------------
###########################|	 |
---------------------------|	 
Job Number: <       3>(  0)|	 |
State:      <complete>(  0)|	 |
---------------------------|	 
###########################|	 |   0 |   1 |   2 |
---------------------------|	 ------------------
Job Number: <       1>(  3)|	 |  10 |  10 |  -1 |
State:      <   ready>(  2)|	 |   1 |  20 |
---------------------------|	 ------------------
Cycles After < 1066>

################################################################################
################################################################################
Cycles Before < 1066>
!!!JOB COMPLETED!!!
###########################|	 |
---------------------------|	 
Job Number: <       3>(  0)|	 |
State:      <complete>(  0)|	 |
---------------------------|	 
###########################|	 |   0 |   1 |   2 |
---------------------------|	 ------------------
Job Number: <       1>(  3)|	 |  10 |  10 |  -1 |
State:      < execute>(  2)|	 |   1 |  20 |
---------------------------|	 ------------------
###########################|	 |   0 |   1 |   2 |
---------------------------|	 ------------------
Job Number: <       2>(  3)|	 | 950 |   1 |  -1 |
State:      <   ready>(  1)|	 |   0 |
---------------------------|	 ------------------
Cycles After < 1076>

################################################################################
################################################################################
Cycles Before < 1076>
###########################|	 |   0 |   1 |   2 |
---------------------------|	 ------------------
Job Number: <       2>(  3)|	 | 950 |   1 |  -1 |
State:      < execute>(  1)|	 |   0 |
---------------------------|	 ------------------
###########################|	 |   0 |   1 |
---------------------------|	 ------------
Job Number: <       1>(  2)|	 |  10 |  -1 |
State:      <   ready>(  1)|	 |  20 |
---------------------------|	 ------------
Cycles After < 2026>

################################################################################
################################################################################
Cycles Before < 2026>
###########################|	 |   0 |   1 |
---------------------------|	 ------------
Job Number: <       1>(  2)|	 |  10 |  -1 |
State:      < execute>(  1)|	 |  20 |
---------------------------|	 ------------
###########################|	 |   0 |   1 |   2 |
---------------------------|	 ------------------
Job Number: <       2>(  3)|	 | 900 |   1 |  -1 |
State:      < execute>(  1)|	 |   0 |
---------------------------|	 ------------------
Cycles After < 2036>

################################################################################
################################################################################
Cycles Before < 2036>
###########################|	 |   0 |   1 |   2 |
---------------------------|	 ------------------
Job Number: <       2>(  3)|	 | 900 |   1 |  -1 |
State:      <      io>(  1)|	 |   0 |
---------------------------|	 ------------------
###########################|	 |   0 |
---------------------------|	 ------
Job Number: <       1>(  1)|	 |  -1 |
State:      <      io>(  1)|	 |  20 |
---------------------------|	 ------
Cycles After < 2036>

################################################################################
################################################################################
Cycles Before < 2036>
###########################|	 |   0 |   1 |   2 |
---------------------------|	 ------------------
Job Number: <       2>(  3)|	 | 900 |   1 |  -1 |
State:      < execute>(  0)|	 |
---------------------------|	 ------------------
###########################|	 |   0 |
---------------------------|	 ------
Job Number: <       1>(  1)|	 |  -1 |
State:      <   ready>(  0)|	 |
---------------------------|	 ------
Cycles After < 2936>

################################################################################
################################################################################
Cycles Before < 2936>
###########################|	 |   0 |
---------------------------|	 ------
Job Number: <       1>(  1)|	 |  -1 |
State:      < execute>(  0)|	 |
---------------------------|	 ------
###########################|	 |   0 |   1 |   2 |
---------------------------|	 ------------------
Job Number: <       2>(  3)|	 | 850 |   1 |  -1 |
State:      < execute>(  0)|	 |
---------------------------|	 ------------------
Cycles After < 2935>

################################################################################
################################################################################
Cycles Before < 2935>
###########################|	 |   0 |   1 |   2 |
---------------------------|	 ------------------
Job Number: <       2>(  3)|	 | 850 |   1 |  -1 |
State:      <      io>(  0)|	 |
---------------------------|	 ------------------
###########################|	 |
---------------------------|	 
Job Number: <       1>(  0)|	 |
State:      <complete>(  0)|	 |
---------------------------|	 
Cycles After < 2935>

################################################################################
################################################################################
Cycles Before < 2935>
!!!JOB COMPLETED!!!
###########################|	 |
---------------------------|	 
Job Number: <       1>(  0)|	 |
State:      <complete>(  0)|	 |
---------------------------|	 
###########################|	 |   0 |   1 |   2 |
---------------------------|	 ------------------
Job Number: <       2>(  3)|	 | 850 |   1 |  -1 |
State:      < execute>( -1)|	 |
---------------------------|	 ------------------
Cycles After < 3785>

################################################################################
################################################################################
Cycles Before < 3785>
###########################|	 |   0 |   1 |   2 |
---------------------------|	 ------------------
Job Number: <       2>(  3)|	 | 800 |   1 |  -1 |
State:      <      io>( -1)|	 |
---------------------------|	 ------------------
Cycles After < 3785>

################################################################################
################################################################################
Cycles Before < 3785>
###########################|	 |   0 |   1 |   2 |
---------------------------|	 ------------------
Job Number: <       2>(  3)|	 | 800 |   1 |  -1 |
State:      < execute>( -2)|	 |
---------------------------|	 ------------------
Cycles After < 4585>

################################################################################
################################################################################
Cycles Before < 4585>
###########################|	 |   0 |   1 |   2 |
---------------------------|	 ------------------
Job Number: <       2>(  3)|	 | 750 |   1 |  -1 |
State:      <      io>( -2)|	 |
---------------------------|	 ------------------
Cycles After < 4585>

################################################################################
################################################################################
Cycles Before < 4585>
###########################|	 |   0 |   1 |   2 |
---------------------------|	 ------------------
Job Number: <       2>(  3)|	 | 750 |   1 |  -1 |
State:      < execute>( -3)|	 |
---------------------------|	 ------------------
Cycles After < 5335>

################################################################################
################################################################################
Cycles Before < 5335>
###########################|	 |   0 |   1 |   2 |
---------------------------|	 ------------------
Job Number: <       2>(  3)|	 | 700 |   1 |  -1 |
State:      <      io>( -3)|	 |
---------------------------|	 ------------------
Cycles After < 5335>

################################################################################
################################################################################
Cycles Before < 5335>
###########################|	 |   0 |   1 |   2 |
---------------------------|	 ------------------
Job Number: <       2>(  3)|	 | 700 |   1 |  -1 |
State:      < execute>( -4)|	 |
---------------------------|	 ------------------
Cycles After < 6035>

################################################################################
################################################################################
Cycles Before < 6035>
###########################|	 |   0 |   1 |   2 |
---------------------------|	 ------------------
Job Number: <       2>(  3)|	 | 650 |   1 |  -1 |
State:      <      io>( -4)|	 |
---------------------------|	 ------------------
Cycles After < 6035>

################################################################################
################################################################################
Cycles Before < 6035>
###########################|	 |   0 |   1 |   2 |
---------------------------|	 ------------------
Job Number: <       2>(  3)|	 | 650 |   1 |  -1 |
State:      < execute>( -5)|	 |
---------------------------|	 ------------------
Cycles After < 6685>

################################################################################
################################################################################
Cycles Before < 6685>
###########################|	 |   0 |   1 |   2 |
---------------------------|	 ------------------
Job Number: <       2>(  3)|	 | 600 |   1 |  -1 |
State:      <      io>( -5)|	 |
---------------------------|	 ------------------
Cycles After < 6685>

################################################################################
################################################################################
Cycles Before < 6685>
###########################|	 |   0 |   1 |   2 |
---------------------------|	 ------------------
Job Number: <       2>(  3)|	 | 600 |   1 |  -1 |
State:      < execute>( -6)|	 |
---------------------------|	 ------------------
Cycles After < 7285>

################################################################################
################################################################################
Cycles Before < 7285>
###########################|	 |   0 |   1 |   2 |
---------------------------|	 ------------------
Job Number: <       2>(  3)|	 | 550 |   1 |  -1 |
State:      <      io>( -6)|	 |
---------------------------|	 ------------------
Cycles After < 7285>

################################################################################
################################################################################
Cycles Before < 7285>
###########################|	 |   0 |   1 |   2 |
---------------------------|	 ------------------
Job Number: <       2>(  3)|	 | 550 |   1 |  -1 |
State:      < execute>( -7)|	 |
---------------------------|	 ------------------
Cycles After < 7835>

################################################################################
################################################################################
Cycles Before < 7835>
###########################|	 |   0 |   1 |   2 |
---------------------------|	 ------------------
Job Number: <       2>(  3)|	 | 500 |   1 |  -1 |
State:      <      io>( -7)|	 |
---------------------------|	 ------------------
Cycles After < 7835>

################################################################################
################################################################################
Cycles Before < 7835>
###########################|	 |   0 |   1 |   2 |
---------------------------|	 ------------------
Job Number: <       2>(  3)|	 | 500 |   1 |  -1 |
State:      < execute>( -8)|	 |
---------------------------|	 ------------------
Cycles After < 8335>

################################################################################
################################################################################
Cycles Before < 8335>
###########################|	 |   0 |   1 |   2 |
---------------------------|	 ------------------
Job Number: <       2>(  3)|	 | 450 |   1 |  -1 |
State:      <      io>( -8)|	 |
---------------------------|	 ------------------
Cycles After < 8335>

################################################################################
################################################################################
Cycles Before < 8335>
###########################|	 |   0 |   1 |   2 |
---------------------------|	 ------------------
Job Number: <       2>(  3)|	 | 450 |   1 |  -1 |
State:      < execute>( -9)|	 |
---------------------------|	 ------------------
Cycles After < 8785>

################################################################################
################################################################################
Cycles Before < 8785>
###########################|	 |   0 |   1 |   2 |
---------------------------|	 ------------------
Job Number: <       2>(  3)|	 | 400 |   1 |  -1 |
State:      <      io>( -9)|	 |
---------------------------|	 ------------------
Cycles After < 8785>

################################################################################
################################################################################
Cycles Before < 8785>
###########################|	 |   0 |   1 |   2 |
---------------------------|	 ------------------
Job Number: <       2>(  3)|	 | 400 |   1 |  -1 |
State:      < execute>(-10)|	 |
---------------------------|	 ------------------
Cycles After < 9185>

################################################################################
################################################################################
Cycles Before < 9185>
###########################|	 |   0 |   1 |   2 |
---------------------------|	 ------------------
Job Number: <       2>(  3)|	 | 350 |   1 |  -1 |
State:      <      io>(-10)|	 |
---------------------------|	 ------------------
Cycles After < 9185>

################################################################################
################################################################################
Cycles Before < 9185>
###########################|	 |   0 |   1 |   2 |
---------------------------|	 ------------------
Job Number: <       2>(  3)|	 | 350 |   1 |  -1 |
State:      < execute>(-11)|	 |
---------------------------|	 ------------------
Cycles After < 9535>

################################################################################
################################################################################
Cycles Before < 9535>
###########################|	 |   0 |   1 |   2 |
---------------------------|	 ------------------
Job Number: <       2>(  3)|	 | 300 |   1 |  -1 |
State:      <      io>(-11)|	 |
---------------------------|	 ------------------
Cycles After < 9535>

################################################################################
################################################################################
Cycles Before < 9535>
###########################|	 |   0 |   1 |   2 |
---------------------------|	 ------------------
Job Number: <       2>(  3)|	 | 300 |   1 |  -1 |
State:      < execute>(-12)|	 |
---------------------------|	 ------------------
Cycles After < 9835>

################################################################################
################################################################################
Cycles Before < 9835>
###########################|	 |   0 |   1 |   2 |
---------------------------|	 ------------------
Job Number: <       2>(  3)|	 | 250 |   1 |  -1 |
State:      <      io>(-12)|	 |
---------------------------|	 ------------------
Cycles After < 9835>

################################################################################
################################################################################
Cycles Before < 9835>
###########################|	 |   0 |   1 |   2 |
---------------------------|	 ------------------
Job Number: <       2>(  3)|	 | 250 |   1 |  -1 |
State:      < execute>(-13)|	 |
---------------------------|	 ------------------
Cycles After <10085>

################################################################################
################################################################################
Cycles Before <10085>
###########################|	 |   0 |   1 |   2 |
---------------------------|	 ------------------
Job Number: <       2>(  3)|	 | 200 |   1 |  -1 |
State:      <      io>(-13)|	 |
---------------------------|	 ------------------
Cycles After <10085>

################################################################################
################################################################################
Cycles Before <10085>
###########################|	 |   0 |   1 |   2 |
---------------------------|	 ------------------
Job Number: <       2>(  3)|	 | 200 |   1 |  -1 |
State:      < execute>(-14)|	 |
---------------------------|	 ------------------
Cycles After <10285>

################################################################################
################################################################################
Cycles Before <10285>
###########################|	 |   0 |   1 |   2 |
---------------------------|	 ------------------
Job Number: <       2>(  3)|	 | 150 |   1 |  -1 |
State:      <      io>(-14)|	 |
---------------------------|	 ------------------
Cycles After <10285>

################################################################################
################################################################################
Cycles Before <10285>
###########################|	 |   0 |   1 |   2 |
---------------------------|	 ------------------
Job Number: <       2>(  3)|	 | 150 |   1 |  -1 |
State:      < execute>(-15)|	 |
---------------------------|	 ------------------
Cycles After <10435>

################################################################################
################################################################################
Cycles Before <10435>
###########################|	 |   0 |   1 |   2 |
---------------------------|	 ------------------
Job Number: <       2>(  3)|	 | 100 |   1 |  -1 |
State:      <      io>(-15)|	 |
---------------------------|	 ------------------
Cycles After <10435>

################################################################################
################################################################################
Cycles Before <10435>
###########################|	 |   0 |   1 |   2 |
---------------------------|	 ------------------
Job Number: <       2>(  3)|	 | 100 |   1 |  -1 |
State:      < execute>(-16)|	 |
---------------------------|	 ------------------
Cycles After <10535>

################################################################################
################################################################################
Cycles Before <10535>
###########################|	 |   0 |   1 |   2 |
---------------------------|	 ------------------
Job Number: <       2>(  3)|	 |  50 |   1 |  -1 |
State:      <      io>(-16)|	 |
---------------------------|	 ------------------
Cycles After <10535>

################################################################################
################################################################################
Cycles Before <10535>
###########################|	 |   0 |   1 |   2 |
---------------------------|	 ------------------
Job Number: <       2>(  3)|	 |  50 |   1 |  -1 |
State:      < execute>(-17)|	 |
---------------------------|	 ------------------
Cycles After <10585>

################################################################################
################################################################################
Cycles Before <10585>
###########################|	 |   0 |   1 |
---------------------------|	 ------------
Job Number: <       2>(  2)|	 |   1 |  -1 |
State:      <      io>(-17)|	 |
---------------------------|	 ------------
Cycles After <10585>

################################################################################
################################################################################
Cycles Before <10585>
###########################|	 |   0 |   1 |
---------------------------|	 ------------
Job Number: <       2>(  2)|	 |   1 |  -1 |
State:      < execute>(-18)|	 |
---------------------------|	 ------------
Cycles After <10586>

################################################################################
################################################################################
Cycles Before <10586>
###########################|	 |   0 |
---------------------------|	 ------
Job Number: <       2>(  1)|	 |  -1 |
State:      <      io>(-18)|	 |
---------------------------|	 ------
Cycles After <10586>

################################################################################
################################################################################
Cycles Before <10586>
###########################|	 |   0 |
---------------------------|	 ------
Job Number: <       2>(  1)|	 |  -1 |
State:      < execute>(-19)|	 |
---------------------------|	 ------
Cycles After <10585>

################################################################################
################################################################################
Cycles Before <10585>
!!!JOB COMPLETED!!!
###########################|	 |
---------------------------|	 
Job Number: <       2>(  0)|	 |
State:      <complete>(-19)|	 |
---------------------------|	 
The Queue is Empty!
Cycles After <10585>

################################################################################
################################################################################
######################### Ending Scheduler Simulation! #########################
################################################################################

################################################################################
######################################## Pre-Emptive (50) Multi-Tasking Example 
################################## Ends ########################################
################################################################################

################################################################################
###################################### Pre-Emptive (1000) Multi-Tasking Example 
################################## Begins ######################################
################################################################################

###########################|	 |   0 |   1 |   2 |   3 |   4 |   5 |   6 |   7 |
---------------------------|	 ------------------------------------------------
Job Number: <       1>(  8)|	 |  10 |  10 |  10 |  10 |  10 |  10 |  10 |  -1 |
State:      <   ready>(  7)|	 |  10 |   1 |   0 |   0 |   0 |   1 |  20 |
---------------------------|	 ------------------------------------------------
###########################|	 |   0 |   1 |   2 |
---------------------------|	 ------------------
Job Number: <       2>(  3)|	 |1000 |   1 |  -1 |
State:      <   ready>(  2)|	 |   1 |   0 |
---------------------------|	 ------------------
###########################|	 |   0 |   1 |   2 |   3 |
---------------------------|	 ------------------------
Job Number: <       3>(  4)|	 |   7 |   3 |   5 |  -1 |
State:      <   ready>(  3)|	 |   1 |   1 |   2 |
---------------------------|	 ------------------------



################################################################################
######################## Starting Scheduler Simulation! ########################
################################################################################

################################################################################
Cycles Before <    0>
###########################|	 |   0 |   1 |   2 |   3 |   4 |   5 |   6 |   7 |
---------------------------|	 ------------------------------------------------
Job Number: <       1>(  8)|	 |  10 |  10 |  10 |  10 |  10 |  10 |  10 |  -1 |
State:      < execute>(  7)|	 |  10 |   1 |   0 |   0 |   0 |   1 |  20 |
---------------------------|	 ------------------------------------------------
###########################|	 |   0 |   1 |   2 |
---------------------------|	 ------------------
Job Number: <       2>(  3)|	 |1000 |   1 |  -1 |
State:      <   ready>(  2)|	 |   1 |   0 |
---------------------------|	 ------------------
###########################|	 |   0 |   1 |   2 |   3 |
---------------------------|	 ------------------------
Job Number: <       3>(  4)|	 |   7 |   3 |   5 |  -1 |
State:      <   ready>(  3)|	 |   1 |   1 |   2 |
---------------------------|	 ------------------------
Cycles After <   10>

################################################################################
################################################################################
Cycles Before <   10>
###########################|	 |   0 |   1 |   2 |
---------------------------|	 ------------------
Job Number: <       2>(  3)|	 |1000 |   1 |  -1 |
State:      < execute>(  2)|	 |   1 |   0 |
---------------------------|	 ------------------
###########################|	 |   0 |   1 |   2 |   3 |
---------------------------|	 ------------------------
Job Number: <       3>(  4)|	 |   7 |   3 |   5 |  -1 |
State:      <   ready>(  3)|	 |   1 |   1 |   2 |
---------------------------|	 ------------------------
###########################|	 |   0 |   1 |   2 |   3 |   4 |   5 |   6 |
---------------------------|	 ------------------------------------------
Job Number: <       1>(  7)|	 |  10 |  10 |  10 |  10 |  10 |  10 |  -1 |
State:      <   ready>(  6)|	 |   1 |   0 |   0 |   0 |   1 |  20 |
---------------------------|	 ------------------------------------------
Cycles After < 1010>

################################################################################
################################################################################
Cycles Before < 1010>
###########################|	 |   0 |   1 |   2 |   3 |
---------------------------|	 ------------------------
Job Number: <       3>(  4)|	 |   7 |   3 |   5 |  -1 |
State:      < execute>(  3)|	 |   1 |   1 |   2 |
---------------------------|	 ------------------------
###########################|	 |   0 |   1 |   2 |   3 |   4 |   5 |   6 |
---------------------------|	 ------------------------------------------
Job Number: <       1>(  7)|	 |  10 |  10 |  10 |  10 |  10 |  10 |  -1 |
State:      <   ready>(  6)|	 |   1 |   0 |   0 |   0 |   1 |  20 |
---------------------------|	 ------------------------------------------
###########################|	 |   0 |   1 |
---------------------------|	 ------------
Job Number: <       2>(  2)|	 |   1 |  -1 |
State:      <   ready>(  1)|	 |   0 |
---------------------------|	 ------------
Cycles After < 1017>

################################################################################
################################################################################
Cycles Before < 1017>
###########################|	 |   0 |   1 |   2 |   3 |   4 |   5 |   6 |
---------------------------|	 ------------------------------------------
Job Number: <       1>(  7)|	 |  10 |  10 |  10 |  10 |  10 |  10 |  -1 |
State:      < execute>(  6)|	 |   1 |   0 |   0 |   0 |   1 |  20 |
---------------------------|	 ------------------------------------------
###########################|	 |   0 |   1 |
---------------------------|	 ------------
Job Number: <       2>(  2)|	 |   1 |  -1 |
State:      <   ready>(  1)|	 |   0 |
---------------------------|	 ------------
###########################|	 |   0 |   1 |   2 |
---------------------------|	 ------------------
Job Number: <       3>(  3)|	 |   3 |   5 |  -1 |
State:      <   ready>(  2)|	 |   1 |   2 |
---------------------------|	 ------------------
Cycles After < 1027>

################################################################################
################################################################################
Cycles Before < 1027>
###########################|	 |   0 |   1 |
---------------------------|	 ------------
Job Number: <       2>(  2)|	 |   1 |  -1 |
State:      < execute>(  1)|	 |   0 |
---------------------------|	 ------------
###########################|	 |   0 |   1 |   2 |
---------------------------|	 ------------------
Job Number: <       3>(  3)|	 |   3 |   5 |  -1 |
State:      <   ready>(  2)|	 |   1 |   2 |
---------------------------|	 ------------------
###########################|	 |   0 |   1 |   2 |   3 |   4 |   5 |
---------------------------|	 ------------------------------------
Job Number: <       1>(  6)|	 |  10 |  10 |  10 |  10 |  10 |  -1 |
State:      <   ready>(  5)|	 |   0 |   0 |   0 |   1 |  20 |
---------------------------|	 ------------------------------------
Cycles After < 1028>

################################################################################
################################################################################
Cycles Before < 1028>
###########################|	 |   0 |   1 |   2 |
---------------------------|	 ------------------
Job Number: <       3>(  3)|	 |   3 |   5 |  -1 |
State:      < execute>(  2)|	 |   1 |   2 |
---------------------------|	 ------------------
###########################|	 |   0 |   1 |   2 |   3 |   4 |   5 |
---------------------------|	 ------------------------------------
Job Number: <       1>(  6)|	 |  10 |  10 |  10 |  10 |  10 |  -1 |
State:      <   ready>(  5)|	 |   0 |   0 |   0 |   1 |  20 |
---------------------------|	 ------------------------------------
###########################|	 |   0 |
---------------------------|	 ------
Job Number: <       2>(  1)|	 |  -1 |
State:      <   ready>(  0)|	 |
---------------------------|	 ------
Cycles After < 1031>

################################################################################
################################################################################
Cycles Before < 1031>
###########################|	 |   0 |   1 |   2 |   3 |   4 |   5 |
---------------------------|	 ------------------------------------
Job Number: <       1>(  6)|	 |  10 |  10 |  10 |  10 |  10 |  -1 |
State:      < execute>(  5)|	 |   0 |   0 |   0 |   1 |  20 |
---------------------------|	 ------------------------------------
###########################|	 |   0 |
---------------------------|	 ------
Job Number: <       2>(  1)|	 |  -1 |
State:      <   ready>(  0)|	 |
---------------------------|	 ------
###########################|	 |   0 |   1 |
---------------------------|	 ------------
Job Number: <       3>(  2)|	 |   5 |  -1 |
State:      <   ready>(  1)|	 |   2 |
---------------------------|	 ------------
Cycles After < 1041>

################################################################################
################################################################################
Cycles Before < 1041>
###########################|	 |   0 |
---------------------------|	 ------
Job Number: <       2>(  1)|	 |  -1 |
State:      < execute>(  0)|	 |
---------------------------|	 ------
###########################|	 |   0 |   1 |
---------------------------|	 ------------
Job Number: <       3>(  2)|	 |   5 |  -1 |
State:      <   ready>(  1)|	 |   2 |
---------------------------|	 ------------
###########################|	 |   0 |   1 |   2 |   3 |   4 |
---------------------------|	 ------------------------------
Job Number: <       1>(  5)|	 |  10 |  10 |  10 |  10 |  -1 |
State:      <      io>(  5)|	 |   1 |   0 |   0 |   1 |  20 |
---------------------------|	 ------------------------------
Cycles After < 1040>

################################################################################
################################################################################
Cycles Before < 1040>
###########################|	 |   0 |   1 |
---------------------------|	 ------------
Job Number: <       3>(  2)|	 |   5 |  -1 |
State:      < execute>(  1)|	 |   2 |
---------------------------|	 ------------
###########################|	 |   0 |   1 |   2 |   3 |   4 |
---------------------------|	 ------------------------------
Job Number: <       1>(  5)|	 |  10 |  10 |  10 |  10 |  -1 |
State:      <   ready>(  4)|	 |   0 |   0 |   1 |  20 |
---------------------------|	 ------------------------------
###########################|	 |
---------------------------|	 
Job Number: <       2>(  0)|	 |
State:      <complete>( -1)|	 |
---------------------------|	 
Cycles After < 1045>

################################################################################
################################################################################
Cycles Before < 1045>
###########################|	 |   0 |   1 |   2 |   3 |   4 |
---------------------------|	 ------------------------------
Job Number: <       1>(  5)|	 |  10 |  10 |  10 |  10 |  -1 |
State:      < execute>(  4)|	 |   0 |   0 |   1 |  20 |
---------------------------|	 ------------------------------
###########################|	 |
---------------------------|	 
Job Number: <       2>(  0)|	 |
State:      <complete>( -1)|	 |
---------------------------|	 
###########################|	 |   0 |
---------------------------|	 ------
Job Number: <       3>(  1)|	 |  -1 |
State:      <   ready>(  0)|	 |
---------------------------|	 ------
Cycles After < 1055>

################################################################################
################################################################################
Cycles Before < 1055>
!!!JOB COMPLETED!!!
###########################|	 |
---------------------------|	 
Job Number: <       2>(  0)|	 |
State:      <complete>( -1)|	 |
---------------------------|	 
###########################|	 |   0 |
---------------------------|	 ------
Job Number: <       3>(  1)|	 |  -1 |
State:      < execute>(  0)|	 |
---------------------------|	 ------
###########################|	 |   0 |   1 |   2 |   3 |
---------------------------|	 ------------------------
Job Number: <       1>(  4)|	 |  10 |  10 |  10 |  -1 |
State:      <      io>(  4)|	 |   1 |   0 |   1 |  20 |
---------------------------|	 ------------------------
Cycles After < 1054>

################################################################################
################################################################################
Cycles Before < 1054>
###########################|	 |   0 |   1 |   2 |   3 |
---------------------------|	 ------------------------
Job Number: <       1>(  4)|	 |  10 |  10 |  10 |  -1 |
State:      <      io>(  4)|	 |   1 |   0 |   1 |  20 |
---------------------------|	 ------------------------
###########################|	 |
---------------------------|	 
Job Number: <       3>(  0)|	 |
State:      <complete>(  0)|	 |
---------------------------|	 
Cycles After < 1055>

################################################################################
################################################################################
Cycles Before < 1055>
!!!JOB COMPLETED!!!
###########################|	 |
---------------------------|	 
Job Number: <       3>(  0)|	 |
State:      <complete>(  0)|	 |
---------------------------|	 
###########################|	 |   0 |   1 |   2 |   3 |
---------------------------|	 ------------------------
Job Number: <       1>(  4)|	 |  10 |  10 |  10 |  -1 |
State:      < execute>(  3)|	 |   0 |   1 |  20 |
---------------------------|	 ------------------------
Cycles After < 1065>

################################################################################
################################################################################
Cycles Before < 1065>
###########################|	 |   0 |   1 |   2 |
---------------------------|	 ------------------
Job Number: <       1>(  3)|	 |  10 |  10 |  -1 |
State:      <      io>(  3)|	 |   0 |   1 |  20 |
---------------------------|	 ------------------
Cycles After < 1065>

################################################################################
################################################################################
Cycles Before < 1065>
###########################|	 |   0 |   1 |   2 |
---------------------------|	 ------------------
Job Number: <       1>(  3)|	 |  10 |  10 |  -1 |
State:      < execute>(  2)|	 |   1 |  20 |
---------------------------|	 ------------------
Cycles After < 1075>

################################################################################
################################################################################
Cycles Before < 1075>
###########################|	 |   0 |   1 |
---------------------------|	 ------------
Job Number: <       1>(  2)|	 |  10 |  -1 |
State:      <      io>(  2)|	 |   1 |  20 |
---------------------------|	 ------------
Cycles After < 1076>

################################################################################
################################################################################
Cycles Before < 1076>
###########################|	 |   0 |   1 |
---------------------------|	 ------------
Job Number: <       1>(  2)|	 |  10 |  -1 |
State:      < execute>(  1)|	 |  20 |
---------------------------|	 ------------
Cycles After < 1086>

################################################################################
################################################################################
Cycles Before < 1086>
###########################|	 |   0 |
---------------------------|	 ------
Job Number: <       1>(  1)|	 |  -1 |
State:      <      io>(  1)|	 |  20 |
---------------------------|	 ------
Cycles After < 1106>

################################################################################
################################################################################
Cycles Before < 1106>
###########################|	 |   0 |
---------------------------|	 ------
Job Number: <       1>(  1)|	 |  -1 |
State:      < execute>(  0)|	 |
---------------------------|	 ------
Cycles After < 1105>

################################################################################
################################################################################
Cycles Before < 1105>
!!!JOB COMPLETED!!!
###########################|	 |
---------------------------|	 
Job Number: <       1>(  0)|	 |
State:      <complete>(  0)|	 |
---------------------------|	 
The Queue is Empty!
Cycles After < 1105>

################################################################################
################################################################################
######################### Ending Scheduler Simulation! #########################
################################################################################

################################################################################
###################################### Pre-Emptive (1000) Multi-Tasking Example 
################################## Ends ########################################
################################################################################

################################################################################
################################################ ADAPTIVE Multi-Tasking Example 
################################## Begins ######################################
################################################################################

###########################|	 |   0 |   1 |   2 |   3 |   4 |   5 |   6 |   7 |
---------------------------|	 ------------------------------------------------
Job Number: <       1>(  8)|	 |  10 |  10 |  10 |  10 |  10 |  10 |  10 |  -1 |
State:      <   ready>(  7)|	 |  10 |   1 |   0 |   0 |   0 |   1 |  20 |
---------------------------|	 ------------------------------------------------
###########################|	 |   0 |   1 |   2 |
---------------------------|	 ------------------
Job Number: <       2>(  3)|	 |1000 |   1 |  -1 |
State:      <   ready>(  2)|	 |   1 |   0 |
---------------------------|	 ------------------
###########################|	 |   0 |   1 |   2 |   3 |
---------------------------|	 ------------------------
Job Number: <       3>(  4)|	 |   7 |   3 |   5 |  -1 |
State:      <   ready>(  3)|	 |   1 |   1 |   2 |
---------------------------|	 ------------------------



################################################################################
######################## Starting Scheduler Simulation! ########################
################################################################################

################################################################################
Cycles Before <    0>
###########################|	 |   0 |   1 |   2 |   3 |   4 |   5 |   6 |   7 |
---------------------------|	 ------------------------------------------------
Job Number: <       1>(  8)|	 |  10 |  10 |  10 |  10 |  10 |  10 |  10 |  -1 |
State:      < execute>(  7)|	 |  10 |   1 |   0 |   0 |   0 |   1 |  20 |
---------------------------|	 ------------------------------------------------
###########################|	 |   0 |   1 |   2 |
---------------------------|	 ------------------
Job Number: <       2>(  3)|	 |1000 |   1 |  -1 |
State:      <   ready>(  2)|	 |   1 |   0 |
---------------------------|	 ------------------
###########################|	 |   0 |   1 |   2 |   3 |
---------------------------|	 ------------------------
Job Number: <       3>(  4)|	 |   7 |   3 |   5 |  -1 |
State:      <   ready>(  3)|	 |   1 |   1 |   2 |
---------------------------|	 ------------------------
Cycles After <   10>

################################################################################
################################################################################
Cycles Before <   10>
###########################|	 |   0 |   1 |   2 |
---------------------------|	 ------------------
Job Number: <       2>(  3)|	 |1000 |   1 |  -1 |
State:      < execute>(  2)|	 |   1 |   0 |
---------------------------|	 ------------------
###########################|	 |   0 |   1 |   2 |   3 |
---------------------------|	 ------------------------
Job Number: <       3>(  4)|	 |   7 |   3 |   5 |  -1 |
State:      <   ready>(  3)|	 |   1 |   1 |   2 |
---------------------------|	 ------------------------
###########################|	 |   0 |   1 |   2 |   3 |   4 |   5 |   6 |
---------------------------|	 ------------------------------------------
Job Number: <       1>(  7)|	 |  10 |  10 |  10 |  10 |  10 |  10 |  -1 |
State:      <   ready>(  6)|	 |   1 |   0 |   0 |   0 |   1 |  20 |
---------------------------|	 ------------------------------------------
Cycles After < 1010>

################################################################################
################################################################################
Cycles Before < 1010>
###########################|	 |   0 |   1 |   2 |   3 |
---------------------------|	 ------------------------
Job Number: <       3>(  4)|	 |   7 |   3 |   5 |  -1 |
State:      < execute>(  3)|	 |   1 |   1 |   2 |
---------------------------|	 ------------------------
###########################|	 |   0 |   1 |   2 |   3 |   4 |   5 |   6 |
---------------------------|	 ------------------------------------------
Job Number: <       1>(  7)|	 |  10 |  10 |  10 |  10 |  10 |  10 |  -1 |
State:      <   ready>(  6)|	 |   1 |   0 |   0 |   0 |   1 |  20 |
---------------------------|	 ------------------------------------------
###########################|	 |   0 |   1 |
---------------------------|	 ------------
Job Number: <       2>(  2)|	 |   1 |  -1 |
State:      <   ready>(  1)|	 |   0 |
---------------------------|	 ------------
Cycles After < 1017>

################################################################################
################################################################################
Cycles Before < 1017>
###########################|	 |   0 |   1 |   2 |   3 |   4 |   5 |   6 |
---------------------------|	 ------------------------------------------
Job Number: <       1>(  7)|	 |  10 |  10 |  10 |  10 |  10 |  10 |  -1 |
State:      < execute>(  6)|	 |   1 |   0 |   0 |   0 |   1 |  20 |
---------------------------|	 ------------------------------------------
###########################|	 |   0 |   1 |
---------------------------|	 ------------
Job Number: <       2>(  2)|	 |   1 |  -1 |
State:      <   ready>(  1)|	 |   0 |
---------------------------|	 ------------
###########################|	 |   0 |   1 |   2 |
---------------------------|	 ------------------
Job Number: <       3>(  3)|	 |   3 |   5 |  -1 |
State:      <   ready>(  2)|	 |   1 |   2 |
---------------------------|	 ------------------
Cycles After < 1027>

################################################################################
################################################################################
Cycles Before < 1027>
###########################|	 |   0 |   1 |
---------------------------|	 ------------
Job Number: <       2>(  2)|	 |   1 |  -1 |
State:      < execute>(  1)|	 |   0 |
---------------------------|	 ------------
###########################|	 |   0 |   1 |   2 |
---------------------------|	 ------------------
Job Number: <       3>(  3)|	 |   3 |   5 |  -1 |
State:      <   ready>(  2)|	 |   1 |   2 |
---------------------------|	 ------------------
###########################|	 |   0 |   1 |   2 |   3 |   4 |   5 |
---------------------------|	 ------------------------------------
Job Number: <       1>(  6)|	 |  10 |  10 |  10 |  10 |  10 |  -1 |
State:      <   ready>(  5)|	 |   0 |   0 |   0 |   1 |  20 |
---------------------------|	 ------------------------------------
Cycles After < 1028>

################################################################################
################################################################################
Cycles Before < 1028>
###########################|	 |   0 |   1 |   2 |
---------------------------|	 ------------------
Job Number: <       3>(  3)|	 |   3 |   5 |  -1 |
State:      < execute>(  2)|	 |   1 |   2 |
---------------------------|	 ------------------
###########################|	 |   0 |   1 |   2 |   3 |   4 |   5 |
---------------------------|	 ------------------------------------
Job Number: <       1>(  6)|	 |  10 |  10 |  10 |  10 |  10 |  -1 |
State:      <   ready>(  5)|	 |   0 |   0 |   0 |   1 |  20 |
---------------------------|	 ------------------------------------
###########################|	 |   0 |
---------------------------|	 ------
Job Number: <       2>(  1)|	 |  -1 |
State:      <   ready>(  0)|	 |
---------------------------|	 ------
Cycles After < 1031>

################################################################################
################################################################################
Cycles Before < 1031>
###########################|	 |   0 |   1 |   2 |   3 |   4 |   5 |
---------------------------|	 ------------------------------------
Job Number: <       1>(  6)|	 |  10 |  10 |  10 |  10 |  10 |  -1 |
State:      < execute>(  5)|	 |   0 |   0 |   0 |   1 |  20 |
---------------------------|	 ------------------------------------
###########################|	 |   0 |
---------------------------|	 ------
Job Number: <       2>(  1)|	 |  -1 |
State:      <   ready>(  0)|	 |
---------------------------|	 ------
###########################|	 |   0 |   1 |
---------------------------|	 ------------
Job Number: <       3>(  2)|	 |   5 |  -1 |
State:      <   ready>(  1)|	 |   2 |
---------------------------|	 ------------
Cycles After < 1041>

################################################################################
################################################################################
Cycles Before < 1041>
###########################|	 |   0 |
---------------------------|	 ------
Job Number: <       2>(  1)|	 |  -1 |
State:      < execute>(  0)|	 |
---------------------------|	 ------
###########################|	 |   0 |   1 |
---------------------------|	 ------------
Job Number: <       3>(  2)|	 |   5 |  -1 |
State:      <   ready>(  1)|	 |   2 |
---------------------------|	 ------------
###########################|	 |   0 |   1 |   2 |   3 |   4 |
---------------------------|	 ------------------------------
Job Number: <       1>(  5)|	 |  10 |  10 |  10 |  10 |  -1 |
State:      <      io>(  5)|	 |   1 |   0 |   0 |   1 |  20 |
---------------------------|	 ------------------------------
Cycles After < 1040>

################################################################################
################################################################################
Cycles Before < 1040>
###########################|	 |   0 |   1 |
---------------------------|	 ------------
Job Number: <       3>(  2)|	 |   5 |  -1 |
State:      < execute>(  1)|	 |   2 |
---------------------------|	 ------------
###########################|	 |   0 |   1 |   2 |   3 |   4 |
---------------------------|	 ------------------------------
Job Number: <       1>(  5)|	 |  10 |  10 |  10 |  10 |  -1 |
State:      <   ready>(  4)|	 |   0 |   0 |   1 |  20 |
---------------------------|	 ------------------------------
###########################|	 |
---------------------------|	 
Job Number: <       2>(  0)|	 |
State:      <complete>( -1)|	 |
---------------------------|	 
Cycles After < 1045>

################################################################################
################################################################################
Cycles Before < 1045>
###########################|	 |   0 |   1 |   2 |   3 |   4 |
---------------------------|	 ------------------------------
Job Number: <       1>(  5)|	 |  10 |  10 |  10 |  10 |  -1 |
State:      < execute>(  4)|	 |   0 |   0 |   1 |  20 |
---------------------------|	 ------------------------------
###########################|	 |
---------------------------|	 
Job Number: <       2>(  0)|	 |
State:      <complete>( -1)|	 |
---------------------------|	 
###########################|	 |   0 |
---------------------------|	 ------
Job Number: <       3>(  1)|	 |  -1 |
State:      <   ready>(  0)|	 |
---------------------------|	 ------
Cycles After < 1055>

################################################################################
################################################################################
Cycles Before < 1055>
!!!JOB COMPLETED!!!
###########################|	 |
---------------------------|	 
Job Number: <       2>(  0)|	 |
State:      <complete>( -1)|	 |
---------------------------|	 
###########################|	 |   0 |
---------------------------|	 ------
Job Number: <       3>(  1)|	 |  -1 |
State:      < execute>(  0)|	 |
---------------------------|	 ------
###########################|	 |   0 |   1 |   2 |   3 |
---------------------------|	 ------------------------
Job Number: <       1>(  4)|	 |  10 |  10 |  10 |  -1 |
State:      <      io>(  4)|	 |   1 |   0 |   1 |  20 |
---------------------------|	 ------------------------
Cycles After < 1054>

################################################################################
################################################################################
Cycles Before < 1054>
###########################|	 |   0 |   1 |   2 |   3 |
---------------------------|	 ------------------------
Job Number: <       1>(  4)|	 |  10 |  10 |  10 |  -1 |
State:      <      io>(  4)|	 |   1 |   0 |   1 |  20 |
---------------------------|	 ------------------------
###########################|	 |
---------------------------|	 
Job Number: <       3>(  0)|	 |
State:      <complete>(  0)|	 |
---------------------------|	 
Cycles After < 1055>

################################################################################
################################################################################
Cycles Before < 1055>
!!!JOB COMPLETED!!!
###########################|	 |
---------------------------|	 
Job Number: <       3>(  0)|	 |
State:      <complete>(  0)|	 |
---------------------------|	 
###########################|	 |   0 |   1 |   2 |   3 |
---------------------------|	 ------------------------
Job Number: <       1>(  4)|	 |  10 |  10 |  10 |  -1 |
State:      < execute>(  3)|	 |   0 |   1 |  20 |
---------------------------|	 ------------------------
Cycles After < 1065>

################################################################################
################################################################################
Cycles Before < 1065>
###########################|	 |   0 |   1 |   2 |
---------------------------|	 ------------------
Job Number: <       1>(  3)|	 |  10 |  10 |  -1 |
State:      <      io>(  3)|	 |   0 |   1 |  20 |
---------------------------|	 ------------------
Cycles After < 1065>

################################################################################
################################################################################
Cycles Before < 1065>
###########################|	 |   0 |   1 |   2 |
---------------------------|	 ------------------
Job Number: <       1>(  3)|	 |  10 |  10 |  -1 |
State:      < execute>(  2)|	 |   1 |  20 |
---------------------------|	 ------------------
Cycles After < 1075>

################################################################################
################################################################################
Cycles Before < 1075>
###########################|	 |   0 |   1 |
---------------------------|	 ------------
Job Number: <       1>(  2)|	 |  10 |  -1 |
State:      <      io>(  2)|	 |   1 |  20 |
---------------------------|	 ------------
Cycles After < 1076>

################################################################################
################################################################################
Cycles Before < 1076>
###########################|	 |   0 |   1 |
---------------------------|	 ------------
Job Number: <       1>(  2)|	 |  10 |  -1 |
State:      < execute>(  1)|	 |  20 |
---------------------------|	 ------------
Cycles After < 1086>

################################################################################
################################################################################
Cycles Before < 1086>
###########################|	 |   0 |
---------------------------|	 ------
Job Number: <       1>(  1)|	 |  -1 |
State:      <      io>(  1)|	 |  20 |
---------------------------|	 ------
Cycles After < 1106>

################################################################################
################################################################################
Cycles Before < 1106>
###########################|	 |   0 |
---------------------------|	 ------
Job Number: <       1>(  1)|	 |  -1 |
State:      < execute>(  0)|	 |
---------------------------|	 ------
Cycles After < 1105>

################################################################################
################################################################################
Cycles Before < 1105>
!!!JOB COMPLETED!!!
###########################|	 |
---------------------------|	 
Job Number: <       1>(  0)|	 |
State:      <complete>(  0)|	 |
---------------------------|	 
The Queue is Empty!
Cycles After < 1105>

################################################################################
################################################################################
######################### Ending Scheduler Simulation! #########################
################################################################################

################################################################################
################################################ ADAPTIVE Multi-Tasking Example 
################################## Ends ########################################
################################################################################

